TN:
SF:contracts/Constraints.sol
FN:5,Constraints.isWithin
FNDA:51399,Constraints.isWithin
DA:10,51399
DA:10,51399
DA:10,51399
DA:10,50375
BRDA:10,0,0,256
BRDA:10,0,1,51399
DA:11,256
DA:11,256
DA:13,51399
DA:13,51399
DA:13,51399
DA:13,1024
BRDA:13,1,0,256
BRDA:13,1,1,512
DA:14,512
DA:14,512
DA:17,51399
DA:17,51399
BRDA:17,2,0,50375
BRDA:17,2,1,51399
DA:18,50375
DA:18,50375
DA:21,51399
DA:21,51399
BRDA:21,3,0,768
BRDA:21,3,1,51399
DA:22,768
DA:22,768
FNF:1
FNH:1
LF:8
LH:8
BRF:8
BRH:8
end_of_record
TN:
SF:contracts/ScaffoldERC721A.sol
FN:63,ScaffoldERC721A.mint
FNDA:49607,ScaffoldERC721A.mint
DA:64,49607
DA:64,49607
BRDA:64,0,0,256
BRDA:64,0,1,49351
DA:65,256
DA:65,256
DA:68,49351
DA:68,49351
DA:68,49351
DA:68,49351
BRDA:68,1,0,256
BRDA:68,1,1,49095
DA:69,256
DA:69,256
DA:72,49095
DA:72,49095
DA:72,49095
BRDA:72,2,0,1
BRDA:72,2,1,49094
DA:73,1
DA:73,1
DA:76,49094
DA:76,49094
DA:76,49094
DA:76,49094
BRDA:76,3,0,1
BRDA:76,3,1,49093
DA:77,1
DA:77,1
DA:80,49093
DA:80,49093
DA:80,49093
BRDA:80,4,0,1
BRDA:80,4,1,49092
DA:81,1
DA:81,1
DA:84,49092
DA:84,49092
FN:87,ScaffoldERC721A._mint
FNDA:49092,ScaffoldERC721A._mint
DA:88,49092
DA:88,49092
DA:89,49092
DA:89,49092
DA:90,49092
DA:90,49092
FN:93,ScaffoldERC721A.withdraw
FNDA:256,ScaffoldERC721A.withdraw
DA:94,256
DA:94,256
DA:95,256
DA:95,256
DA:96,256
DA:96,256
BRDA:96,5,0,-
BRDA:96,5,1,256
DA:98,256
DA:98,256
FN:101,ScaffoldERC721A._baseURI
FNDA:1,ScaffoldERC721A._baseURI
DA:102,1
DA:102,1
FN:105,ScaffoldERC721A.isWithinConstraints
FNDA:1792,ScaffoldERC721A.isWithinConstraints
DA:106,51399
DA:106,51399
FN:111,ScaffoldERC721A._startTokenId
FNDA:98191,ScaffoldERC721A._startTokenId
DA:112,98191
DA:112,98191
FN:115,ScaffoldERC721A.getMintStartTimestamp
FNDA:1,ScaffoldERC721A.getMintStartTimestamp
DA:116,51400
DA:116,51400
FN:119,ScaffoldERC721A.getMintEndTimestamp
FNDA:1,ScaffoldERC721A.getMintEndTimestamp
DA:120,51400
DA:120,51400
FN:123,ScaffoldERC721A.getMaxTokenCount
FNDA:0,ScaffoldERC721A.getMaxTokenCount
DA:124,0
DA:124,0
FN:127,ScaffoldERC721A.getCurrentTokenCount
FNDA:1,ScaffoldERC721A.getCurrentTokenCount
DA:128,1
DA:128,1
FN:131,ScaffoldERC721A.getMintPrice
FNDA:0,ScaffoldERC721A.getMintPrice
DA:132,49351
DA:132,49351
FN:135,ScaffoldERC721A.getMintRoyaltyRecipient
FNDA:0,ScaffoldERC721A.getMintRoyaltyRecipient
DA:136,0
DA:136,0
FNF:12
FNH:9
LF:27
LH:25
BRF:12
BRH:11
end_of_record
TN:
SF:contracts/YourContract.sol
FN:50,YourContract.setGreeting
FNDA:0,YourContract.setGreeting
DA:53,0
DA:53,0
DA:54,0
DA:54,0
DA:56,0
DA:56,0
DA:57,0
DA:57,0
DA:58,0
DA:58,0
DA:61,0
DA:61,0
BRDA:61,0,0,-
BRDA:61,0,1,-
DA:62,0
DA:62,0
DA:64,0
DA:64,0
DA:68,0
DA:68,0
FN:75,YourContract.withdraw
FNDA:0,YourContract.withdraw
DA:76,0
DA:76,0
DA:76,0
DA:77,0
DA:77,0
BRDA:77,1,0,-
BRDA:77,1,1,-
FNF:2
FNH:0
LF:11
LH:0
BRF:4
BRH:0
end_of_record
TN:
SF:script/DeployHelpers.s.sol
FN:19,ScaffoldETHDeploy.setupLocalhostEnv
FNDA:0,ScaffoldETHDeploy.setupLocalhostEnv
DA:23,0
DA:23,0
BRDA:23,0,0,-
BRDA:23,0,1,-
DA:24,0
DA:24,0
DA:25,0
DA:25,0
DA:26,0
DA:26,0
DA:26,0
DA:27,0
DA:27,0
DA:27,0
DA:28,0
DA:28,0
DA:28,0
DA:29,0
DA:29,0
DA:29,0
DA:31,0
DA:31,0
DA:31,0
FN:35,ScaffoldETHDeploy.exportDeployments
FNDA:0,ScaffoldETHDeploy.exportDeployments
DA:37,0
DA:37,0
DA:38,0
DA:38,0
DA:39,0
DA:39,0
DA:39,0
DA:40,0
DA:40,0
DA:42,0
DA:42,0
DA:44,0
DA:44,0
DA:46,0
DA:46,0
DA:46,0
DA:46,0
DA:47,0
DA:47,0
DA:52,0
DA:52,0
DA:54,0
DA:54,0
DA:59,0
DA:59,0
DA:60,0
DA:60,0
FN:63,ScaffoldETHDeploy.getChain
FNDA:0,ScaffoldETHDeploy.getChain
DA:64,0
DA:64,0
DA:64,0
FN:67,ScaffoldETHDeploy.findChainName
FNDA:0,ScaffoldETHDeploy.findChainName
DA:68,0
DA:68,0
DA:69,0
DA:69,0
DA:69,0
DA:70,0
DA:70,0
DA:70,0
DA:70,0
DA:71,0
DA:71,0
DA:79,0
DA:79,0
FNF:4
FNH:0
LF:26
LH:0
BRF:2
BRH:0
end_of_record
TN:
SF:script/VerifyAll.s.sol
FN:26,VerifyAll.run
FNDA:0,VerifyAll.run
DA:27,0
DA:27,0
DA:27,0
DA:28,0
DA:28,0
DA:28,0
DA:34,0
DA:34,0
DA:34,0
DA:36,0
DA:36,0
DA:37,0
DA:37,0
DA:38,0
DA:38,0
FN:42,VerifyAll._verifyIfContractDeployment
FNDA:0,VerifyAll._verifyIfContractDeployment
DA:43,0
DA:43,0
DA:43,0
DA:49,0
DA:49,0
DA:49,0
DA:49,0
BRDA:49,0,0,-
BRDA:49,0,1,-
DA:50,0
DA:50,0
FN:54,VerifyAll._verifyContract
FNDA:0,VerifyAll._verifyContract
DA:55,0
DA:55,0
DA:55,0
DA:59,0
DA:59,0
DA:59,0
DA:65,0
DA:65,0
DA:65,0
DA:71,0
DA:71,0
DA:71,0
DA:75,0
DA:75,0
DA:75,0
DA:81,0
DA:81,0
DA:81,0
DA:82,0
DA:82,0
DA:83,0
DA:83,0
DA:84,0
DA:84,0
DA:85,0
DA:85,0
DA:86,0
DA:86,0
DA:87,0
DA:87,0
DA:88,0
DA:88,0
DA:89,0
DA:89,0
DA:90,0
DA:90,0
DA:92,0
DA:92,0
DA:92,0
DA:94,0
DA:94,0
BRDA:94,1,0,-
BRDA:94,1,1,-
DA:95,0
DA:95,0
DA:101,0
DA:101,0
DA:103,0
DA:103,0
DA:105,0
DA:105,0
FN:108,VerifyAll.nextTransaction
FNDA:0,VerifyAll.nextTransaction
DA:113,0
DA:113,0
FN:120,VerifyAll._getCompiledBytecode
FNDA:0,VerifyAll._getCompiledBytecode
DA:125,0
DA:125,0
DA:125,0
DA:126,0
DA:126,0
DA:126,0
DA:129,0
DA:129,0
FN:132,VerifyAll.getTransactionFromRaw
FNDA:0,VerifyAll.getTransactionFromRaw
DA:136,0
DA:136,0
FN:139,VerifyAll.searchStr
FNDA:0,VerifyAll.searchStr
DA:143,0
DA:143,0
DA:144,0
DA:144,0
FNF:7
FNH:0
LF:37
LH:0
BRF:4
BRH:0
end_of_record
TN:
SF:test/BasePizzaPeople.t.sol
FN:32,BasePizzaPeopleTest.setUp
FNDA:0,BasePizzaPeopleTest.setUp
DA:33,0
DA:33,0
DA:33,0
DA:34,0
DA:34,0
DA:36,0
DA:36,0
DA:37,0
DA:37,0
DA:50,0
DA:50,0
FNF:1
FNH:0
LF:5
LH:0
BRF:0
BRH:0
end_of_record
